# JRE version: OpenJDK Runtime Environment (12.0.1+12) (build 12.0.1+12)
# Java VM: OpenJDK 64-Bit Server VM (12.0.1+12, mixed mode, sharing, tiered, compressed oops, g1 gc, windows-amd64)
Heap:
 garbage-first heap   total 95232K, used 31169K [0x0000000081400000, 0x0000000100000000)
  region size 1024K, 8 young (8192K), 4 survivors (4096K)
 Metaspace       used 35033K, capacity 36225K, committed 36560K, reserved 1081344K
  class space    used 4442K, capacity 4874K, committed 4992K, reserved 1048576K
GC Heap History (10 events):
Event: 2.776 GC heap before
{Heap before GC invocations=13 (full 0):
 garbage-first heap   total 78848K, used 59004K [0x0000000081400000, 0x0000000100000000)
  region size 1024K, 41 young (41984K), 6 survivors (6144K)
 Metaspace       used 30464K, capacity 31535K, committed 31792K, reserved 1077248K
  class space    used 4018K, capacity 4401K, committed 4480K, reserved 1048576K
}
Event: 2.781 GC heap after
{Heap after GC invocations=14 (full 0):
 garbage-first heap   total 78848K, used 24808K [0x0000000081400000, 0x0000000100000000)
  region size 1024K, 4 young (4096K), 4 survivors (4096K)
 Metaspace       used 30464K, capacity 31535K, committed 31792K, reserved 1077248K
  class space    used 4018K, capacity 4401K, committed 4480K, reserved 1048576K
}
Event: 2.791 GC heap before
{Heap before GC invocations=14 (full 0):
 garbage-first heap   total 78848K, used 59624K [0x0000000081400000, 0x0000000100000000)
  region size 1024K, 39 young (39936K), 4 survivors (4096K)
 Metaspace       used 30464K, capacity 31535K, committed 31792K, reserved 1077248K
  class space    used 4018K, capacity 4401K, committed 4480K, reserved 1048576K
}
Event: 2.795 GC heap after
{Heap after GC invocations=15 (full 0):
 garbage-first heap   total 95232K, used 25001K [0x0000000081400000, 0x0000000100000000)
  region size 1024K, 2 young (2048K), 2 survivors (2048K)
 Metaspace       used 30464K, capacity 31535K, committed 31792K, reserved 1077248K
  class space    used 4018K, capacity 4401K, committed 4480K, reserved 1048576K
}
Event: 2.894 GC heap before
{Heap before GC invocations=15 (full 0):
 garbage-first heap   total 95232K, used 68009K [0x0000000081400000, 0x0000000100000000)
  region size 1024K, 45 young (46080K), 2 survivors (2048K)
 Metaspace       used 31322K, capacity 32439K, committed 32688K, reserved 1077248K
  class space    used 4096K, capacity 4508K, committed 4608K, reserved 1048576K
}
Event: 2.897 GC heap after
{Heap after GC invocations=16 (full 0):
 garbage-first heap   total 95232K, used 25714K [0x0000000081400000, 0x0000000100000000)
  region size 1024K, 3 young (3072K), 3 survivors (3072K)
 Metaspace       used 31322K, capacity 32439K, committed 32688K, reserved 1077248K
  class space    used 4096K, capacity 4508K, committed 4608K, reserved 1048576K
}
Event: 3.173 GC heap before
{Heap before GC invocations=16 (full 0):
 garbage-first heap   total 95232K, used 69746K [0x0000000081400000, 0x0000000100000000)
  region size 1024K, 47 young (48128K), 3 survivors (3072K)
 Metaspace       used 31984K, capacity 33115K, committed 33200K, reserved 1077248K
  class space    used 4186K, capacity 4605K, committed 4608K, reserved 1048576K
}
Event: 3.176 GC heap after
{Heap after GC invocations=17 (full 0):
 garbage-first heap   total 95232K, used 26935K [0x0000000081400000, 0x0000000100000000)
  region size 1024K, 4 young (4096K), 4 survivors (4096K)
 Metaspace       used 31984K, capacity 33115K, committed 33200K, reserved 1077248K
  class space    used 4186K, capacity 4605K, committed 4608K, reserved 1048576K
}
Event: 3.322 GC heap before
{Heap before GC invocations=17 (full 0):
 garbage-first heap   total 95232K, used 47415K [0x0000000081400000, 0x0000000100000000)
  region size 1024K, 25 young (25600K), 4 survivors (4096K)
 Metaspace       used 34663K, capacity 35850K, committed 35920K, reserved 1081344K
  class space    used 4403K, capacity 4834K, committed 4864K, reserved 1048576K
}
Event: 3.328 GC heap after
{Heap after GC invocations=18 (full 0):
 garbage-first heap   total 95232K, used 28097K [0x0000000081400000, 0x0000000100000000)
  region size 1024K, 4 young (4096K), 4 survivors (4096K)
 Metaspace       used 34663K, capacity 35850K, committed 35920K, reserved 1081344K
  class space    used 4403K, capacity 4834K, committed 4864K, reserved 1048576K
}

