# JRE version: OpenJDK Runtime Environment (12.0.1+12) (build 12.0.1+12)
# Java VM: OpenJDK 64-Bit Server VM (12.0.1+12, mixed mode, sharing, tiered, compressed oops, g1 gc, windows-amd64)
Heap:
 garbage-first heap   total 70656K, used 33386K [0x0000000081400000, 0x0000000100000000)
  region size 1024K, 12 young (12288K), 4 survivors (4096K)
 Metaspace       used 33704K, capacity 35280K, committed 35328K, reserved 1079296K
  class space    used 4532K, capacity 5092K, committed 5120K, reserved 1048576K
GC Heap History (10 events):
Event: 2.337 GC heap before
{Heap before GC invocations=9 (full 0):
 garbage-first heap   total 58368K, used 43454K [0x0000000081400000, 0x0000000100000000)
  region size 1024K, 27 young (27648K), 3 survivors (3072K)
 Metaspace       used 28061K, capacity 29101K, committed 29184K, reserved 1075200K
  class space    used 3729K, capacity 4090K, committed 4096K, reserved 1048576K
}
Event: 2.340 GC heap after
{Heap after GC invocations=10 (full 0):
 garbage-first heap   total 70656K, used 20145K [0x0000000081400000, 0x0000000100000000)
  region size 1024K, 3 young (3072K), 3 survivors (3072K)
 Metaspace       used 28061K, capacity 29101K, committed 29184K, reserved 1075200K
  class space    used 3729K, capacity 4090K, committed 4096K, reserved 1048576K
}
Event: 2.535 GC heap before
{Heap before GC invocations=10 (full 0):
 garbage-first heap   total 70656K, used 49841K [0x0000000081400000, 0x0000000100000000)
  region size 1024K, 32 young (32768K), 3 survivors (3072K)
 Metaspace       used 28720K, capacity 29796K, committed 30080K, reserved 1075200K
  class space    used 3798K, capacity 4170K, committed 4224K, reserved 1048576K
}
Event: 2.538 GC heap after
{Heap after GC invocations=11 (full 0):
 garbage-first heap   total 70656K, used 21092K [0x0000000081400000, 0x0000000100000000)
  region size 1024K, 3 young (3072K), 3 survivors (3072K)
 Metaspace       used 28720K, capacity 29796K, committed 30080K, reserved 1075200K
  class space    used 3798K, capacity 4170K, committed 4224K, reserved 1048576K
}
Event: 2.748 GC heap before
{Heap before GC invocations=11 (full 0):
 garbage-first heap   total 70656K, used 51812K [0x0000000081400000, 0x0000000100000000)
  region size 1024K, 33 young (33792K), 3 survivors (3072K)
 Metaspace       used 30667K, capacity 32007K, committed 32256K, reserved 1077248K
  class space    used 4064K, capacity 4492K, committed 4608K, reserved 1048576K
}
Event: 2.750 GC heap after
{Heap after GC invocations=12 (full 0):
 garbage-first heap   total 70656K, used 22314K [0x0000000081400000, 0x0000000100000000)
  region size 1024K, 4 young (4096K), 4 survivors (4096K)
 Metaspace       used 30667K, capacity 32007K, committed 32256K, reserved 1077248K
  class space    used 4064K, capacity 4492K, committed 4608K, reserved 1048576K
}
Event: 2.926 GC heap before
{Heap before GC invocations=12 (full 0):
 garbage-first heap   total 70656K, used 53034K [0x0000000081400000, 0x0000000100000000)
  region size 1024K, 34 young (34816K), 4 survivors (4096K)
 Metaspace       used 32020K, capacity 33358K, committed 33536K, reserved 1077248K
  class space    used 4284K, capacity 4757K, committed 4864K, reserved 1048576K
}
Event: 2.930 GC heap after
{Heap after GC invocations=13 (full 0):
 garbage-first heap   total 70656K, used 24093K [0x0000000081400000, 0x0000000100000000)
  region size 1024K, 4 young (4096K), 4 survivors (4096K)
 Metaspace       used 32020K, capacity 33358K, committed 33536K, reserved 1077248K
  class space    used 4284K, capacity 4757K, committed 4864K, reserved 1048576K
}
Event: 3.084 GC heap before
{Heap before GC invocations=13 (full 0):
 garbage-first heap   total 70656K, used 54813K [0x0000000081400000, 0x0000000100000000)
  region size 1024K, 34 young (34816K), 4 survivors (4096K)
 Metaspace       used 33360K, capacity 34783K, committed 34944K, reserved 1079296K
  class space    used 4476K, capacity 4975K, committed 4992K, reserved 1048576K
}
Event: 3.088 GC heap after
{Heap after GC invocations=14 (full 0):
 garbage-first heap   total 70656K, used 26218K [0x0000000081400000, 0x0000000100000000)
  region size 1024K, 4 young (4096K), 4 survivors (4096K)
 Metaspace       used 33360K, capacity 34783K, committed 34944K, reserved 1079296K
  class space    used 4476K, capacity 4975K, committed 4992K, reserved 1048576K
}

